2014-04-04 17:39:57.229 INFO  [14636] - JStockTransport: Updating properties
2014-04-04 17:39:57.229 INFO  [14636] - JStockTransport: Configuration updated successfully
2014-04-04 17:39:57.229 INFO  [14636] - JStockTransport: File Transport Plugin v1.1 initialized
2014-04-04 17:39:57.275 INFO  [14636] - JStockCodec: Updating properties
2014-04-04 17:39:57.275 INFO  [14636] - JStockCodec: Configuration updated successfully
2014-04-04 17:39:57.275 INFO  [14636] - JStockCodec: String Codec Plugin v1.1 initialized
2014-04-04 17:39:57.370 DEBUG [14636] - JStockTransport: Starting
2014-04-04 17:39:57.372 ##### [14636] - JStockTransport: Started successfully
2014-04-04 17:39:57.375 INFO  [14636] - JStockTransport: sendTransportEvent at JStockTransport
2014-04-04 17:39:57.376 DEBUG [14636] - JStockCodec: Sent record to transport: address 127.0.0.1:15903 appname correlator (on port 15903) _name OutOfBandReceiverConnected logicalId 5998370056575424278 physicalId 5998370056575424278  
2014-04-04 17:39:57.376 INFO  [14636] - JStockTransport: sendTransportEvent at JStockTransport
2014-04-04 17:39:57.376 DEBUG [14636] - JStockCodec: Sent record to transport: address 127.0.0.1:15903 appname correlator (on port 15903) _name OutOfBandSenderConnected logicalId 5998370056575424278 physicalId 5998370056575424278  
2014-04-04 17:39:57.687 DEBUG [11504] - JStockCodec: Sent normalised event to semantic mapper: {"stockBasePrice":"6.95", "stockName":"白云机场", "stockOpenPrice":"6.95", "stockPrice":"6.98"}
2014-04-04 17:39:57.826 DEBUG [11504] - JStockCodec: Sent normalised event to semantic mapper: {"stockBasePrice":"2.06", "stockName":"武钢股份", "stockOpenPrice":"2.05", "stockPrice":"2.07"}
2014-04-04 17:39:57.951 DEBUG [11504] - JStockCodec: Sent normalised event to semantic mapper: {"stockBasePrice":"3.04", "stockName":"东风汽车", "stockOpenPrice":"3.03", "stockPrice":"3.10"}
2014-04-04 17:39:58.075 DEBUG [11504] - JStockCodec: Sent normalised event to semantic mapper: {"stockBasePrice":"9.68", "stockName":"中国国贸", "stockOpenPrice":"9.66", "stockPrice":"9.68"}
2014-04-04 17:39:58.202 DEBUG [11504] - JStockCodec: Sent normalised event to semantic mapper: {"stockBasePrice":"6.65", "stockName":"首创股份", "stockOpenPrice":"6.65", "stockPrice":"6.67"}
2014-04-04 17:39:58.325 DEBUG [11504] - JStockCodec: Sent normalised event to semantic mapper: {"stockBasePrice":"12.51", "stockName":"上海机场", "stockOpenPrice":"12.46", "stockPrice":"12.54"}
2014-04-04 17:39:58.454 DEBUG [11504] - JStockCodec: Sent normalised event to semantic mapper: {"stockBasePrice":"4.00", "stockName":"包钢股份", "stockOpenPrice":"4.00", "stockPrice":"4.07"}
2014-04-04 17:39:58.580 DEBUG [11504] - JStockCodec: Sent normalised event to semantic mapper: {"stockBasePrice":"5.05", "stockName":"华能国际", "stockOpenPrice":"5.05", "stockPrice":"5.08"}
2014-04-04 17:39:58.711 DEBUG [11504] - JStockCodec: Sent normalised event to semantic mapper: {"stockBasePrice":"4.10", "stockName":"皖通高速", "stockOpenPrice":"4.09", "stockPrice":"4.13"}
2014-04-04 17:39:58.841 DEBUG [11504] - JStockCodec: Sent normalised event to semantic mapper: {"stockBasePrice":"8.39", "stockName":"华夏银行", "stockOpenPrice":"8.33", "stockPrice":"8.53"}
2014-04-04 17:39:58.965 DEBUG [11504] - JStockCodec: Sent normalised event to semantic mapper: {"stockBasePrice":"7.69", "stockName":"民生银行", "stockOpenPrice":"7.63", "stockPrice":"7.77"}
2014-04-04 17:39:59.089 DEBUG [11504] - JStockCodec: Sent normalised event to semantic mapper: {"stockBasePrice":"2.47", "stockName":"日照港", "stockOpenPrice":"2.46", "stockPrice":"2.47"}
2014-04-04 17:39:59.228 DEBUG [11504] - JStockCodec: Sent normalised event to semantic mapper: {"stockBasePrice":"4.63", "stockName":"上港集团", "stockOpenPrice":"4.62", "stockPrice":"4.72"}
2014-04-04 17:39:59.356 DEBUG [11504] - JStockCodec: Sent normalised event to semantic mapper: {"stockBasePrice":"3.88", "stockName":"宝钢股份", "stockOpenPrice":"3.85", "stockPrice":"3.93"}
2014-04-04 17:39:59.489 DEBUG [11504] - JStockCodec: Sent normalised event to semantic mapper: {"stockBasePrice":"2.17", "stockName":"中原高速", "stockOpenPrice":"2.17", "stockPrice":"2.18"}
2014-04-04 17:39:59.618 DEBUG [11504] - JStockCodec: Sent normalised event to semantic mapper: {"stockBasePrice":"4.78", "stockName":"上海电力", "stockOpenPrice":"4.76", "stockPrice":"4.79"}
2014-04-04 17:39:59.750 DEBUG [11504] - JStockCodec: Sent normalised event to semantic mapper: {"stockBasePrice":"1.61", "stockName":"山东钢铁", "stockOpenPrice":"1.61", "stockPrice":"1.62"}
2014-04-04 17:39:59.877 DEBUG [11504] - JStockCodec: Sent normalised event to semantic mapper: {"stockBasePrice":"6.20", "stockName":"浙能电力", "stockOpenPrice":"6.18", "stockPrice":"6.24"}
2014-04-04 17:40:00.001 DEBUG [11504] - JStockCodec: Sent normalised event to semantic mapper: {"stockBasePrice":"4.00", "stockName":"中海发展", "stockOpenPrice":"4.01", "stockPrice":"4.10"}
2014-04-04 17:40:00.127 DEBUG [11504] - JStockCodec: Sent normalised event to semantic mapper: {"stockBasePrice":"3.15", "stockName":"华电国际", "stockOpenPrice":"3.14", "stockPrice":"3.15"}
2014-04-04 17:40:00.253 DEBUG [11504] - JStockCodec: Sent normalised event to semantic mapper: {"stockBasePrice":"5.07", "stockName":"中国石化", "stockOpenPrice":"5.01", "stockPrice":"5.04"}
2014-04-04 17:40:00.391 DEBUG [11504] - JStockCodec: Sent normalised event to semantic mapper: {"stockBasePrice":"2.53", "stockName":"南方航空", "stockOpenPrice":"2.52", "stockPrice":"2.54"}
2014-04-04 17:40:00.541 DEBUG [11504] - JStockCodec: Sent normalised event to semantic mapper: {"stockBasePrice":"10.78", "stockName":"中信证券", "stockOpenPrice":"10.72", "stockPrice":"10.91"}
2014-04-04 17:40:00.685 DEBUG [11504] - JStockCodec: Sent normalised event to semantic mapper: {"stockBasePrice":"5.69", "stockName":"三一重工", "stockOpenPrice":"5.67", "stockPrice":"5.72"}
2014-04-04 17:40:00.816 DEBUG [11504] - JStockCodec: Sent normalised event to semantic mapper: {"stockBasePrice":"2.10", "stockName":"福建高速", "stockOpenPrice":"2.09", "stockPrice":"2.11"}
2014-04-04 17:40:00.954 DEBUG [11504] - JStockCodec: Sent normalised event to semantic mapper: {"stockBasePrice":"3.03", "stockName":"楚天高速", "stockOpenPrice":"3.04", "stockPrice":"3.07"}
2014-04-04 17:40:01.082 DEBUG [11504] - JStockCodec: Sent normalised event to semantic mapper: {"stockBasePrice":"9.88", "stockName":"招商银行", "stockOpenPrice":"9.84", "stockPrice":"9.95"}
2014-04-04 17:40:01.221 DEBUG [11504] - JStockCodec: Sent normalised event to semantic mapper: {"stockBasePrice":"8.24", "stockName":"歌华有线", "stockOpenPrice":"8.21", "stockPrice":"8.29"}
2014-04-04 17:40:01.354 DEBUG [11504] - JStockCodec: Sent normalised event to semantic mapper: {"stockBasePrice":"25.18", "stockName":"哈飞股份", "stockOpenPrice":"25.20", "stockPrice":"25.38"}
2014-04-04 17:40:01.479 DEBUG [11504] - JStockCodec: Sent normalised event to semantic mapper: {"stockBasePrice":"5.63", "stockName":"四川路桥", "stockOpenPrice":"5.63", "stockPrice":"5.65"}
2014-04-04 17:40:01.610 DEBUG [11504] - JStockCodec: Sent normalised event to semantic mapper: {"stockBasePrice":"8.11", "stockName":"保利地产", "stockOpenPrice":"8.14", "stockPrice":"8.16"}
2014-04-04 17:40:01.747 DEBUG [11504] - JStockCodec: Sent normalised event to semantic mapper: {"stockBasePrice":"3.07", "stockName":"中国联通", "stockOpenPrice":"3.06", "stockPrice":"3.07"}
2014-04-04 17:40:01.876 DEBUG [11504] - JStockCodec: Sent normalised event to semantic mapper: {"stockBasePrice":"7.61", "stockName":"宁波联合", "stockOpenPrice":"7.61", "stockPrice":"7.76"}
2014-04-04 17:40:02.016 DEBUG [11504] - JStockCodec: Sent normalised event to semantic mapper: {"stockBasePrice":"3.45", "stockName":"浙江广厦", "stockOpenPrice":"3.43", "stockPrice":"3.46"}
2014-04-04 17:40:02.179 DEBUG [11504] - JStockCodec: Sent normalised event to semantic mapper: {"stockBasePrice":"6.46", "stockName":"中江地产", "stockOpenPrice":"6.40", "stockPrice":"6.65"}
2014-04-04 17:40:02.306 DEBUG [11504] - JStockCodec: Sent normalised event to semantic mapper: {"stockBasePrice":"12.40", "stockName":"黄山旅游", "stockOpenPrice":"12.40", "stockPrice":"12.50"}
2014-04-04 17:40:02.455 DEBUG [11504] - JStockCodec: Sent normalised event to semantic mapper: {"stockBasePrice":"13.40", "stockName":"华润万东", "stockOpenPrice":"0.00", "stockPrice":"13.40"}
2014-04-04 17:40:02.580 DEBUG [11504] - JStockCodec: Sent normalised event to semantic mapper: {"stockBasePrice":"22.59", "stockName":"中国医药", "stockOpenPrice":"22.48", "stockPrice":"22.66"}
2014-04-04 17:40:02.706 DEBUG [11504] - JStockCodec: Sent normalised event to semantic mapper: {"stockBasePrice":"6.27", "stockName":"象屿股份", "stockOpenPrice":"6.26", "stockPrice":"6.26"}
2014-04-04 17:40:02.830 DEBUG [11504] - JStockCodec: Sent normalised event to semantic mapper: {"stockBasePrice":"11.17", "stockName":"五矿发展", "stockOpenPrice":"11.11", "stockPrice":"11.40"}
2014-04-04 17:40:02.961 DEBUG [11504] - JStockCodec: Sent normalised event to semantic mapper: {"stockBasePrice":"8.48", "stockName":"古越龙山", "stockOpenPrice":"8.48", "stockPrice":"8.51"}
2014-04-04 17:40:03.085 DEBUG [11504] - JStockCodec: Sent normalised event to semantic mapper: {"stockBasePrice":"11.56", "stockName":"海信电器", "stockOpenPrice":"11.51", "stockPrice":"11.75"}
2014-04-04 17:40:03.216 DEBUG [11504] - JStockCodec: Sent normalised event to semantic mapper: {"stockBasePrice":"6.63", "stockName":"中纺投资", "stockOpenPrice":"6.59", "stockPrice":"6.71"}
2014-04-04 17:40:03.343 DEBUG [11504] - JStockCodec: Sent normalised event to semantic mapper: {"stockBasePrice":"19.41", "stockName":"华润双鹤", "stockOpenPrice":"19.31", "stockPrice":"19.47"}
2014-04-04 17:40:03.471 DEBUG [11504] - JStockCodec: Sent normalised event to semantic mapper: {"stockBasePrice":"2.36", "stockName":"皖维高新", "stockOpenPrice":"2.36", "stockPrice":"2.36"}
2014-04-04 17:40:03.623 DEBUG [11504] - JStockCodec: Sent normalised event to semantic mapper: {"stockBasePrice":"10.20", "stockName":"南京高科", "stockOpenPrice":"10.13", "stockPrice":"10.25"}
2014-04-04 17:40:03.759 DEBUG [11504] - JStockCodec: Sent normalised event to semantic mapper: {"stockBasePrice":"15.88", "stockName":"宇通客车", "stockOpenPrice":"15.85", "stockPrice":"15.98"}
2014-04-04 17:40:03.892 DEBUG [11504] - JStockCodec: Sent normalised event to semantic mapper: {"stockBasePrice":"6.17", "stockName":"冠城大通", "stockOpenPrice":"6.16", "stockPrice":"6.15"}
2014-04-04 17:40:04.018 DEBUG [11504] - JStockCodec: Sent normalised event to semantic mapper: {"stockBasePrice":"3.86", "stockName":"葛洲坝", "stockOpenPrice":"3.84", "stockPrice":"3.88"}
2014-04-04 17:40:04.190 DEBUG [11504] - JStockCodec: Sent normalised event to semantic mapper: {"stockBasePrice":"3.79", "stockName":"银鸽投资", "stockOpenPrice":"3.77", "stockPrice":"3.81"}
2014-04-04 17:40:04.327 DEBUG [11504] - JStockCodec: Sent normalised event to semantic mapper: {"stockBasePrice":"8.99", "stockName":"浙江富润", "stockOpenPrice":"8.85", "stockPrice":"9.02"}
2014-04-04 17:40:04.467 DEBUG [11504] - JStockCodec: Sent normalised event to semantic mapper: {"stockBasePrice":"7.69", "stockName":"凤凰光学", "stockOpenPrice":"0.00", "stockPrice":"7.69"}
2014-04-04 17:40:04.593 DEBUG [11504] - JStockCodec: Sent normalised event to semantic mapper: {"stockBasePrice":"8.19", "stockName":"上海梅林", "stockOpenPrice":"8.20", "stockPrice":"8.26"}
2014-04-04 17:40:04.717 DEBUG [11504] - JStockCodec: Sent normalised event to semantic mapper: {"stockBasePrice":"4.86", "stockName":"青鸟华光", "stockOpenPrice":"4.86", "stockPrice":"4.96"}
2014-04-04 17:40:04.842 DEBUG [11504] - JStockCodec: Sent normalised event to semantic mapper: {"stockBasePrice":"4.35", "stockName":"宋都股份", "stockOpenPrice":"4.34", "stockPrice":"4.38"}
2014-04-04 17:40:04.966 DEBUG [11504] - JStockCodec: Sent normalised event to semantic mapper: {"stockBasePrice":"5.91", "stockName":"澄星股份", "stockOpenPrice":"5.86", "stockPrice":"5.84"}
2014-04-04 17:40:05.090 DEBUG [11504] - JStockCodec: Sent normalised event to semantic mapper: {"stockBasePrice":"26.99", "stockName":"人福医药", "stockOpenPrice":"27.10", "stockPrice":"27.65"}
2014-04-04 17:40:05.213 DEBUG [11504] - JStockCodec: Sent normalised event to semantic mapper: {"stockBasePrice":"9.25", "stockName":"金花股份", "stockOpenPrice":"9.25", "stockPrice":"9.33"}
2014-04-04 17:40:05.340 DEBUG [11504] - JStockCodec: Sent normalised event to semantic mapper: {"stockBasePrice":"9.57", "stockName":"东风科技", "stockOpenPrice":"9.58", "stockPrice":"9.86"}
2014-04-04 17:40:05.471 DEBUG [11504] - JStockCodec: Sent normalised event to semantic mapper: {"stockBasePrice":"4.94", "stockName":"海泰发展", "stockOpenPrice":"4.90", "stockPrice":"4.97"}
2014-04-04 17:40:05.595 DEBUG [11504] - JStockCodec: Sent normalised event to semantic mapper: {"stockBasePrice":"7.13", "stockName":"博信股份", "stockOpenPrice":"7.24", "stockPrice":"7.26"}
2014-04-04 17:40:05.719 DEBUG [11504] - JStockCodec: Sent normalised event to semantic mapper: {"stockBasePrice":"4.11", "stockName":"中葡股份", "stockOpenPrice":"4.11", "stockPrice":"4.06"}
2014-04-04 17:40:05.871 DEBUG [11504] - JStockCodec: Sent normalised event to semantic mapper: {"stockBasePrice":"17.50", "stockName":"同仁堂", "stockOpenPrice":"17.50", "stockPrice":"17.63"}
2014-04-04 17:40:06.001 DEBUG [11504] - JStockCodec: Sent normalised event to semantic mapper: {"stockBasePrice":"17.34", "stockName":"东方金钰", "stockOpenPrice":"17.31", "stockPrice":"17.42"}
2014-04-04 17:40:06.163 DEBUG [11504] - JStockCodec: Sent normalised event to semantic mapper: {"stockBasePrice":"15.76", "stockName":"中视传媒", "stockOpenPrice":"15.70", "stockPrice":"15.81"}
2014-04-04 17:40:06.290 DEBUG [11504] - JStockCodec: Sent normalised event to semantic mapper: {"stockBasePrice":"9.17", "stockName":"特变电工", "stockOpenPrice":"9.17", "stockPrice":"9.17"}
2014-04-04 17:40:06.415 DEBUG [11504] - JStockCodec: Sent normalised event to semantic mapper: {"stockBasePrice":"7.06", "stockName":"啤酒花", "stockOpenPrice":"7.06", "stockPrice":"7.01"}
2014-04-04 17:40:06.541 DEBUG [11504] - JStockCodec: Sent normalised event to semantic mapper: {"stockBasePrice":"6.19", "stockName":"禾嘉股份", "stockOpenPrice":"6.16", "stockPrice":"6.31"}
2014-04-04 17:40:06.669 DEBUG [11504] - JStockCodec: Sent normalised event to semantic mapper: {"stockBasePrice":"5.46", "stockName":"大名城", "stockOpenPrice":"5.45", "stockPrice":"5.50"}
2014-04-04 17:40:06.807 DEBUG [11504] - JStockCodec: Sent normalised event to semantic mapper: {"stockBasePrice":"4.94", "stockName":"哈高科", "stockOpenPrice":"4.92", "stockPrice":"5.00"}
2014-04-04 17:40:06.929 DEBUG [11504] - JStockCodec: Sent normalised event to semantic mapper: {"stockBasePrice":"8.61", "stockName":"云天化", "stockOpenPrice":"8.61", "stockPrice":"8.68"}
2014-04-04 17:40:07.060 DEBUG [11504] - JStockCodec: Sent normalised event to semantic mapper: {"stockBasePrice":"11.91", "stockName":"开创国际", "stockOpenPrice":"11.93", "stockPrice":"12.16"}
2014-04-04 17:40:07.191 DEBUG [11504] - JStockCodec: Sent normalised event to semantic mapper: {"stockBasePrice":"5.08", "stockName":"广州发展", "stockOpenPrice":"5.09", "stockPrice":"5.14"}
2014-04-04 17:40:07.313 DEBUG [11504] - JStockCodec: Sent normalised event to semantic mapper: {"stockBasePrice":"5.72", "stockName":"林海股份", "stockOpenPrice":"5.67", "stockPrice":"5.89"}
2014-04-04 17:40:07.442 DEBUG [11504] - JStockCodec: Sent normalised event to semantic mapper: {"stockBasePrice":"9.15", "stockName":"同方股份", "stockOpenPrice":"9.10", "stockPrice":"9.25"}
2014-04-04 17:40:07.569 DEBUG [11504] - JStockCodec: Sent normalised event to semantic mapper: {"stockBasePrice":"7.95", "stockName":"明星电力", "stockOpenPrice":"7.96", "stockPrice":"8.03"}
2014-04-04 17:40:07.701 DEBUG [11504] - JStockCodec: Sent normalised event to semantic mapper: {"stockBasePrice":"2.32", "stockName":"青山纸业", "stockOpenPrice":"2.33", "stockPrice":"2.36"}
2014-04-04 17:40:07.829 DEBUG [11504] - JStockCodec: Sent normalised event to semantic mapper: {"stockBasePrice":"13.92", "stockName":"上汽集团", "stockOpenPrice":"13.93", "stockPrice":"14.03"}
2014-04-04 17:40:07.955 DEBUG [11504] - JStockCodec: Sent normalised event to semantic mapper: {"stockBasePrice":"7.89", "stockName":"永鼎股份", "stockOpenPrice":"7.89", "stockPrice":"7.87"}
2014-04-04 17:40:08.105 DEBUG [11504] - JStockCodec: Sent normalised event to semantic mapper: {"stockBasePrice":"3.79", "stockName":"重庆路桥", "stockOpenPrice":"3.78", "stockPrice":"3.79"}
2014-04-04 17:40:08.233 DEBUG [11504] - JStockCodec: Sent normalised event to semantic mapper: {"stockBasePrice":"5.95", "stockName":"美尔雅", "stockOpenPrice":"5.92", "stockPrice":"5.94"}
2014-04-04 17:40:08.373 DEBUG [11504] - JStockCodec: Sent normalised event to semantic mapper: {"stockBasePrice":"6.82", "stockName":"亚盛集团", "stockOpenPrice":"6.80", "stockPrice":"6.83"}
2014-04-04 17:40:08.497 DEBUG [11504] - JStockCodec: Sent normalised event to semantic mapper: {"stockBasePrice":"18.85", "stockName":"国金证券", "stockOpenPrice":"18.70", "stockPrice":"19.19"}
2014-04-04 17:40:08.622 DEBUG [11504] - JStockCodec: Sent normalised event to semantic mapper: {"stockBasePrice":"5.05", "stockName":"中科英华", "stockOpenPrice":"5.06", "stockPrice":"5.20"}
2014-04-04 17:40:08.751 DEBUG [11504] - JStockCodec: Sent normalised event to semantic mapper: {"stockBasePrice":"20.05", "stockName":"包钢稀土", "stockOpenPrice":"20.03", "stockPrice":"20.82"}
2014-04-04 17:40:08.879 DEBUG [11504] - JStockCodec: Sent normalised event to semantic mapper: {"stockBasePrice":"12.83", "stockName":"天成控股", "stockOpenPrice":"12.78", "stockPrice":"13.05"}
2014-04-04 17:40:09.018 DEBUG [11504] - JStockCodec: Sent normalised event to semantic mapper: {"stockBasePrice":"8.70", "stockName":"浙江东日", "stockOpenPrice":"8.65", "stockPrice":"8.68"}
2014-04-04 17:40:09.146 DEBUG [11504] - JStockCodec: Sent normalised event to semantic mapper: {"stockBasePrice":"14.87", "stockName":"东睦股份", "stockOpenPrice":"14.88", "stockPrice":"15.62"}
2014-04-04 17:40:09.307 DEBUG [11504] - JStockCodec: Sent normalised event to semantic mapper: {"stockBasePrice":"2.46", "stockName":"东方航空", "stockOpenPrice":"2.45", "stockPrice":"2.47"}
2014-04-04 17:40:09.461 DEBUG [11504] - JStockCodec: Sent normalised event to semantic mapper: {"stockBasePrice":"9.29", "stockName":"三峡水利", "stockOpenPrice":"9.28", "stockPrice":"9.43"}
2014-04-04 17:40:09.589 DEBUG [11504] - JStockCodec: Sent normalised event to semantic mapper: {"stockBasePrice":"3.28", "stockName":"西宁特钢", "stockOpenPrice":"3.27", "stockPrice":"3.30"}
2014-04-04 17:40:09.723 DEBUG [11504] - JStockCodec: Sent normalised event to semantic mapper: {"stockBasePrice":"16.45", "stockName":"中国卫星", "stockOpenPrice":"16.46", "stockPrice":"16.76"}
2014-04-04 17:40:09.846 DEBUG [11504] - JStockCodec: Sent normalised event to semantic mapper: {"stockBasePrice":"12.21", "stockName":"长江投资", "stockOpenPrice":"12.20", "stockPrice":"12.40"}
2014-04-04 17:40:09.970 DEBUG [11504] - JStockCodec: Sent normalised event to semantic mapper: {"stockBasePrice":"11.56", "stockName":"浙江东方", "stockOpenPrice":"11.50", "stockPrice":"11.58"}
2014-04-04 17:40:10.115 DEBUG [11504] - JStockCodec: Sent normalised event to semantic mapper: {"stockBasePrice":"4.47", "stockName":"郑州煤电", "stockOpenPrice":"4.47", "stockPrice":"4.48"}
2014-04-04 17:40:10.242 DEBUG [11504] - JStockCodec: Sent normalised event to semantic mapper: {"stockBasePrice":"4.95", "stockName":"宏图高科", "stockOpenPrice":"4.96", "stockPrice":"5.25"}
2014-04-04 17:40:10.370 DEBUG [11504] - JStockCodec: Sent normalised event to semantic mapper: {"stockBasePrice":"8.36", "stockName":"兰花科创", "stockOpenPrice":"8.34", "stockPrice":"8.39"}
2014-04-04 17:40:10.494 DEBUG [11504] - JStockCodec: Sent normalised event to semantic mapper: {"stockBasePrice":"5.30", "stockName":"铁龙物流", "stockOpenPrice":"5.26", "stockPrice":"5.25"}
2014-04-04 17:40:10.620 DEBUG [11504] - JStockCodec: Sent normalised event to semantic mapper: {"stockBasePrice":"3.66", "stockName":"杭钢股份", "stockOpenPrice":"3.65", "stockPrice":"3.67"}
2014-04-04 17:40:10.748 DEBUG [11504] - JStockCodec: Sent normalised event to semantic mapper: {"stockBasePrice":"4.51", "stockName":"金健米业", "stockOpenPrice":"4.53", "stockPrice":"4.73"}
2014-04-04 17:40:10.750 INFO  [6948] - JStockTransport: sendTransportEvent at JStockTransport
2014-04-04 17:40:10.750 DEBUG [6948] - JStockCodec: Sent record to transport: message !!!!!!!!!!!!!!!!!!!! stockName 100 counter  
2014-04-04 17:40:10.879 DEBUG [11504] - JStockCodec: Sent normalised event to semantic mapper: {"stockBasePrice":"8.85", "stockName":"弘业股份", "stockOpenPrice":"8.77", "stockPrice":"8.86"}
2014-04-04 17:40:11.005 DEBUG [11504] - JStockCodec: Sent normalised event to semantic mapper: {"stockBasePrice":"8.39", "stockName":"太极集团", "stockOpenPrice":"8.39", "stockPrice":"8.57"}
2014-04-04 17:40:11.131 DEBUG [11504] - JStockCodec: Sent normalised event to semantic mapper: {"stockBasePrice":"4.69", "stockName":"波导股份", "stockOpenPrice":"4.65", "stockPrice":"4.74"}
2014-04-04 17:40:11.255 DEBUG [11504] - JStockCodec: Sent normalised event to semantic mapper: {"stockBasePrice":"3.81", "stockName":"岷江水电", "stockOpenPrice":"3.81", "stockPrice":"3.84"}
2014-04-04 17:40:11.379 DEBUG [11504] - JStockCodec: Sent normalised event to semantic mapper: {"stockBasePrice":"14.73", "stockName":"重庆啤酒", "stockOpenPrice":"14.68", "stockPrice":"14.80"}
2014-04-04 17:40:11.507 DEBUG [11504] - JStockCodec: Sent normalised event to semantic mapper: {"stockBasePrice":"5.17", "stockName":"东湖高新", "stockOpenPrice":"5.19", "stockPrice":"5.21"}
2014-04-04 17:40:11.631 DEBUG [11504] - JStockCodec: Sent normalised event to semantic mapper: {"stockBasePrice":"8.91", "stockName":"乐凯胶片", "stockOpenPrice":"8.94", "stockPrice":"9.23"}
2014-04-04 17:40:11.773 DEBUG [11504] - JStockCodec: Sent normalised event to semantic mapper: {"stockBasePrice":"11.27", "stockName":"道博股份", "stockOpenPrice":"11.25", "stockPrice":"11.34"}
2014-04-04 17:40:11.897 DEBUG [11504] - JStockCodec: Sent normalised event to semantic mapper: {"stockBasePrice":"11.09", "stockName":"浪莎股份", "stockOpenPrice":"11.07", "stockPrice":"11.45"}
2014-04-04 17:40:12.022 DEBUG [11504] - JStockCodec: Sent normalised event to semantic mapper: {"stockBasePrice":"18.84", "stockName":"中青旅", "stockOpenPrice":"18.62", "stockPrice":"18.89"}
2014-04-04 17:40:12.146 DEBUG [11504] - JStockCodec: Sent normalised event to semantic mapper: {"stockBasePrice":"8.15", "stockName":"西部资源", "stockOpenPrice":"0.00", "stockPrice":"8.15"}
2014-04-04 17:40:12.269 DEBUG [11504] - JStockCodec: Sent normalised event to semantic mapper: {"stockBasePrice":"11.42", "stockName":"兴发集团", "stockOpenPrice":"11.36", "stockPrice":"11.57"}
2014-04-04 17:40:12.392 DEBUG [11504] - JStockCodec: Sent normalised event to semantic mapper: {"stockBasePrice":"5.09", "stockName":"金发科技", "stockOpenPrice":"5.08", "stockPrice":"5.10"}
2014-04-04 17:40:12.526 DEBUG [11504] - JStockCodec: Sent normalised event to semantic mapper: {"stockBasePrice":"4.47", "stockName":"国创能源", "stockOpenPrice":"4.48", "stockPrice":"4.48"}
2014-04-04 17:40:12.649 DEBUG [11504] - JStockCodec: Sent normalised event to semantic mapper: {"stockBasePrice":"8.30", "stockName":"大元股份", "stockOpenPrice":"8.30", "stockPrice":"8.31"}
2014-04-04 17:40:12.778 DEBUG [11504] - JStockCodec: Sent normalised event to semantic mapper: {"stockBasePrice":"9.35", "stockName":"长春一东", "stockOpenPrice":"9.35", "stockPrice":"9.50"}
2014-04-04 17:40:12.914 DEBUG [11504] - JStockCodec: Sent normalised event to semantic mapper: {"stockBasePrice":"11.36", "stockName":"廊坊发展", "stockOpenPrice":"11.52", "stockPrice":"11.43"}
2014-04-04 17:40:13.040 DEBUG [11504] - JStockCodec: Sent normalised event to semantic mapper: {"stockBasePrice":"18.48", "stockName":"中国船舶", "stockOpenPrice":"18.46", "stockPrice":"18.79"}
2014-04-04 17:40:13.163 DEBUG [11504] - JStockCodec: Sent normalised event to semantic mapper: {"stockBasePrice":"7.53", "stockName":"航天机电", "stockOpenPrice":"7.51", "stockPrice":"7.58"}
2014-04-04 17:40:13.290 DEBUG [11504] - JStockCodec: Sent normalised event to semantic mapper: {"stockBasePrice":"4.95", "stockName":"维科精华", "stockOpenPrice":"4.95", "stockPrice":"5.09"}
2014-04-04 17:40:13.419 DEBUG [11504] - JStockCodec: Sent normalised event to semantic mapper: {"stockBasePrice":"6.55", "stockName":"建发股份", "stockOpenPrice":"6.54", "stockPrice":"6.57"}
2014-04-04 17:40:13.542 DEBUG [11504] - JStockCodec: Sent normalised event to semantic mapper: {"stockBasePrice":"8.04", "stockName":"宝硕股份", "stockOpenPrice":"8.39", "stockPrice":"8.84"}
2014-04-04 17:40:13.676 DEBUG [11504] - JStockCodec: Sent normalised event to semantic mapper: {"stockBasePrice":"4.80", "stockName":"华升股份", "stockOpenPrice":"4.80", "stockPrice":"4.86"}
2014-04-04 17:40:13.798 DEBUG [11504] - JStockCodec: Sent normalised event to semantic mapper: {"stockBasePrice":"4.25", "stockName":"永泰能源", "stockOpenPrice":"4.23", "stockPrice":"4.27"}
2014-04-04 17:40:13.923 DEBUG [11504] - JStockCodec: Sent normalised event to semantic mapper: {"stockBasePrice":"9.18", "stockName":"中体产业", "stockOpenPrice":"9.12", "stockPrice":"9.27"}
2014-04-04 17:40:14.051 DEBUG [11504] - JStockCodec: Sent normalised event to semantic mapper: {"stockBasePrice":"3.82", "stockName":"大龙地产", "stockOpenPrice":"3.77", "stockPrice":"3.83"}
2014-04-04 17:40:14.176 DEBUG [11504] - JStockCodec: Sent normalised event to semantic mapper: {"stockBasePrice":"5.14", "stockName":"巨化股份", "stockOpenPrice":"5.11", "stockPrice":"5.19"}
2014-04-04 17:40:14.325 DEBUG [11504] - JStockCodec: Sent normalised event to semantic mapper: {"stockBasePrice":"17.73", "stockName":"天坛生物", "stockOpenPrice":"17.67", "stockPrice":"17.98"}
2014-04-04 17:40:14.450 DEBUG [11504] - JStockCodec: Sent normalised event to semantic mapper: {"stockBasePrice":"5.97", "stockName":"香江控股", "stockOpenPrice":"5.97", "stockPrice":"6.03"}
2014-04-04 17:40:14.574 DEBUG [11504] - JStockCodec: Sent normalised event to semantic mapper: {"stockBasePrice":"3.75", "stockName":"福建南纸", "stockOpenPrice":"3.74", "stockPrice":"3.82"}
2014-04-04 17:40:14.711 DEBUG [11504] - JStockCodec: Sent normalised event to semantic mapper: {"stockBasePrice":"6.45", "stockName":"新日恒力", "stockOpenPrice":"6.45", "stockPrice":"6.53"}
2014-04-04 17:40:14.840 DEBUG [11504] - JStockCodec: Sent normalised event to semantic mapper: {"stockBasePrice":"5.33", "stockName":"福田汽车", "stockOpenPrice":"5.34", "stockPrice":"5.38"}
2014-04-04 17:40:14.968 DEBUG [11504] - JStockCodec: Sent normalised event to semantic mapper: {"stockBasePrice":"10.65", "stockName":"联美控股", "stockOpenPrice":"10.38", "stockPrice":"10.62"}
2014-04-04 17:40:15.095 DEBUG [11504] - JStockCodec: Sent normalised event to semantic mapper: {"stockBasePrice":"8.15", "stockName":"武汉控股", "stockOpenPrice":"8.08", "stockPrice":"8.09"}
2014-04-04 17:40:15.221 DEBUG [11504] - JStockCodec: Sent normalised event to semantic mapper: {"stockBasePrice":"3.04", "stockName":"太原重工", "stockOpenPrice":"2.97", "stockPrice":"3.00"}
2014-04-04 17:40:15.344 DEBUG [11504] - JStockCodec: Sent normalised event to semantic mapper: {"stockBasePrice":"6.10", "stockName":"上海建工", "stockOpenPrice":"6.08", "stockPrice":"6.15"}
2014-04-04 17:40:15.471 DEBUG [11504] - JStockCodec: Sent normalised event to semantic mapper: {"stockBasePrice":"10.91", "stockName":"上海贝岭", "stockOpenPrice":"10.86", "stockPrice":"10.95"}
2014-04-04 17:40:15.600 DEBUG [11504] - JStockCodec: Sent normalised event to semantic mapper: {"stockBasePrice":"6.23", "stockName":"黄河旋风", "stockOpenPrice":"6.24", "stockPrice":"6.25"}
2014-04-04 17:40:15.732 DEBUG [11504] - JStockCodec: Sent normalised event to semantic mapper: {"stockBasePrice":"3.79", "stockName":"卧龙地产", "stockOpenPrice":"3.80", "stockPrice":"3.77"}
2014-04-04 17:40:15.866 DEBUG [11504] - JStockCodec: Sent normalised event to semantic mapper: {"stockBasePrice":"6.12", "stockName":"美都控股", "stockOpenPrice":"6.13", "stockPrice":"6.13"}
2014-04-04 17:40:15.995 DEBUG [11504] - JStockCodec: Sent normalised event to semantic mapper: {"stockBasePrice":"7.81", "stockName":"中国玻纤", "stockOpenPrice":"7.78", "stockPrice":"7.98"}
2014-04-04 17:40:16.119 DEBUG [11504] - JStockCodec: Sent normalised event to semantic mapper: {"stockBasePrice":"7.18", "stockName":"雅戈尔", "stockOpenPrice":"7.12", "stockPrice":"7.18"}
2014-04-04 17:40:16.246 DEBUG [11504] - JStockCodec: Sent normalised event to semantic mapper: {"stockBasePrice":"4.27", "stockName":"东安动力", "stockOpenPrice":"4.28", "stockPrice":"4.33"}
2014-04-04 17:40:16.371 DEBUG [11504] - JStockCodec: Sent normalised event to semantic mapper: {"stockBasePrice":"4.95", "stockName":"黑化股份", "stockOpenPrice":"4.95", "stockPrice":"5.00"}
2014-04-04 17:40:16.500 DEBUG [11504] - JStockCodec: Sent normalised event to semantic mapper: {"stockBasePrice":"13.07", "stockName":"瑞茂通", "stockOpenPrice":"13.47", "stockPrice":"13.41"}
2014-04-04 17:40:16.623 DEBUG [11504] - JStockCodec: Sent normalised event to semantic mapper: {"stockBasePrice":"13.91", "stockName":"S佳通", "stockOpenPrice":"13.85", "stockPrice":"13.89"}
2014-04-04 17:40:16.746 DEBUG [11504] - JStockCodec: Sent normalised event to semantic mapper: {"stockBasePrice":"5.73", "stockName":"生益科技", "stockOpenPrice":"5.70", "stockPrice":"5.83"}
2014-04-04 17:40:16.869 DEBUG [11504] - JStockCodec: Sent normalised event to semantic mapper: {"stockBasePrice":"18.00", "stockName":"光电股份", "stockOpenPrice":"17.81", "stockPrice":"18.19"}
2014-04-04 17:40:16.992 DEBUG [11504] - JStockCodec: Sent normalised event to semantic mapper: {"stockBasePrice":"9.54", "stockName":"格力地产", "stockOpenPrice":"9.52", "stockPrice":"9.44"}
2014-04-04 17:40:17.124 DEBUG [11504] - JStockCodec: Sent normalised event to semantic mapper: {"stockBasePrice":"2.45", "stockName":"莲花味精", "stockOpenPrice":"2.46", "stockPrice":"2.50"}
2014-04-04 17:40:17.247 DEBUG [11504] - JStockCodec: Sent normalised event to semantic mapper: {"stockBasePrice":"5.15", "stockName":"国中水务", "stockOpenPrice":"5.16", "stockPrice":"5.21"}
2014-04-04 17:40:17.375 DEBUG [11504] - JStockCodec: Sent normalised event to semantic mapper: {"stockBasePrice":"6.35", "stockName":"兖州煤业", "stockOpenPrice":"6.37", "stockPrice":"6.38"}
2014-04-04 17:40:17.504 DEBUG [11504] - JStockCodec: Sent normalised event to semantic mapper: {"stockBasePrice":"6.94", "stockName":"吉林森工", "stockOpenPrice":"6.92", "stockPrice":"6.99"}
2014-04-04 17:40:17.628 INFO  [15308] - JStockTransport: sendTransportEvent at JStockTransport
2014-04-04 17:40:17.628 DEBUG [15308] - JStockCodec: Sent record to transport: _name OutOfBandSenderDisconnected logicalId 5998370056575424278 physicalId 5998370056575424278  
2014-04-04 17:40:17.652 DEBUG [11504] - JStockCodec: Sent normalised event to semantic mapper: {"stockBasePrice":"3.87", "stockName":"锦州港", "stockOpenPrice":"3.85", "stockPrice":"3.88"}
2014-04-04 17:40:17.659 INFO  [15308] - JStockTransport: sendTransportEvent at JStockTransport
2014-04-04 17:40:17.659 DEBUG [15308] - JStockCodec: Sent record to transport: _name OutOfBandReceiverDisconnected logicalId 5998370056575424278 physicalId 5998370056575424278  
2014-04-04 17:40:17.782 DEBUG [11504] - JStockCodec: Sent normalised event to semantic mapper: {"stockBasePrice":"6.02", "stockName":"华资实业", "stockOpenPrice":"6.05", "stockPrice":"6.06"}
2014-04-04 17:40:17.906 DEBUG [11504] - JStockCodec: Sent normalised event to semantic mapper: {"stockBasePrice":"7.84", "stockName":"长城电工", "stockOpenPrice":"7.86", "stockPrice":"8.04"}
2014-04-04 17:40:18.031 DEBUG [11504] - JStockCodec: Sent normalised event to semantic mapper: {"stockBasePrice":"5.59", "stockName":"创兴资源", "stockOpenPrice":"5.64", "stockPrice":"5.87"}
2014-04-04 17:40:18.157 DEBUG [11504] - JStockCodec: Sent normalised event to semantic mapper: {"stockBasePrice":"13.00", "stockName":"中牧股份", "stockOpenPrice":"13.00", "stockPrice":"13.10"}
2014-04-04 17:40:18.280 DEBUG [11504] - JStockCodec: Sent normalised event to semantic mapper: {"stockBasePrice":"19.22", "stockName":"复星医药", "stockOpenPrice":"19.13", "stockPrice":"19.59"}
2014-04-04 17:40:18.409 DEBUG [11504] - JStockCodec: Sent normalised event to semantic mapper: {"stockBasePrice":"6.95", "stockName":"白云机场", "stockOpenPrice":"6.95", "stockPrice":"6.98"}
2014-04-04 17:40:18.534 DEBUG [11504] - JStockCodec: Sent normalised event to semantic mapper: {"stockBasePrice":"2.06", "stockName":"武钢股份", "stockOpenPrice":"2.05", "stockPrice":"2.07"}
2014-04-04 17:40:18.737 DEBUG [11504] - JStockCodec: Sent normalised event to semantic mapper: {"stockBasePrice":"3.04", "stockName":"东风汽车", "stockOpenPrice":"3.03", "stockPrice":"3.10"}
2014-04-04 17:40:18.892 DEBUG [11504] - JStockCodec: Sent normalised event to semantic mapper: {"stockBasePrice":"9.68", "stockName":"中国国贸", "stockOpenPrice":"9.66", "stockPrice":"9.68"}
2014-04-04 17:40:19.014 DEBUG [11504] - JStockCodec: Sent normalised event to semantic mapper: {"stockBasePrice":"6.65", "stockName":"首创股份", "stockOpenPrice":"6.65", "stockPrice":"6.67"}
2014-04-04 17:40:19.137 DEBUG [11504] - JStockCodec: Sent normalised event to semantic mapper: {"stockBasePrice":"12.51", "stockName":"上海机场", "stockOpenPrice":"12.46", "stockPrice":"12.54"}
2014-04-04 17:40:19.260 DEBUG [11504] - JStockCodec: Sent normalised event to semantic mapper: {"stockBasePrice":"4.00", "stockName":"包钢股份", "stockOpenPrice":"4.00", "stockPrice":"4.07"}
2014-04-04 17:40:19.383 DEBUG [11504] - JStockCodec: Sent normalised event to semantic mapper: {"stockBasePrice":"5.05", "stockName":"华能国际", "stockOpenPrice":"5.05", "stockPrice":"5.08"}
2014-04-04 17:40:19.506 DEBUG [11504] - JStockCodec: Sent normalised event to semantic mapper: {"stockBasePrice":"4.10", "stockName":"皖通高速", "stockOpenPrice":"4.09", "stockPrice":"4.13"}
2014-04-04 17:40:19.631 DEBUG [11504] - JStockCodec: Sent normalised event to semantic mapper: {"stockBasePrice":"8.39", "stockName":"华夏银行", "stockOpenPrice":"8.33", "stockPrice":"8.53"}
2014-04-04 17:40:19.760 DEBUG [11504] - JStockCodec: Sent normalised event to semantic mapper: {"stockBasePrice":"7.69", "stockName":"民生银行", "stockOpenPrice":"7.63", "stockPrice":"7.77"}
2014-04-04 17:40:19.884 DEBUG [11504] - JStockCodec: Sent normalised event to semantic mapper: {"stockBasePrice":"2.47", "stockName":"日照港", "stockOpenPrice":"2.46", "stockPrice":"2.47"}
2014-04-04 17:40:20.007 DEBUG [11504] - JStockCodec: Sent normalised event to semantic mapper: {"stockBasePrice":"4.63", "stockName":"上港集团", "stockOpenPrice":"4.62", "stockPrice":"4.72"}
2014-04-04 17:40:20.135 DEBUG [11504] - JStockCodec: Sent normalised event to semantic mapper: {"stockBasePrice":"3.88", "stockName":"宝钢股份", "stockOpenPrice":"3.85", "stockPrice":"3.93"}
2014-04-04 17:40:20.258 DEBUG [11504] - JStockCodec: Sent normalised event to semantic mapper: {"stockBasePrice":"2.17", "stockName":"中原高速", "stockOpenPrice":"2.17", "stockPrice":"2.18"}
2014-04-04 17:40:20.383 DEBUG [11504] - JStockCodec: Sent normalised event to semantic mapper: {"stockBasePrice":"4.78", "stockName":"上海电力", "stockOpenPrice":"4.76", "stockPrice":"4.79"}
2014-04-04 17:40:20.509 DEBUG [11504] - JStockCodec: Sent normalised event to semantic mapper: {"stockBasePrice":"1.61", "stockName":"山东钢铁", "stockOpenPrice":"1.61", "stockPrice":"1.62"}
2014-04-04 17:40:20.631 DEBUG [11504] - JStockCodec: Sent normalised event to semantic mapper: {"stockBasePrice":"6.20", "stockName":"浙能电力", "stockOpenPrice":"6.18", "stockPrice":"6.24"}
2014-04-04 17:40:20.757 DEBUG [11504] - JStockCodec: Sent normalised event to semantic mapper: {"stockBasePrice":"4.00", "stockName":"中海发展", "stockOpenPrice":"4.01", "stockPrice":"4.10"}
2014-04-04 17:40:20.881 DEBUG [11504] - JStockCodec: Sent normalised event to semantic mapper: {"stockBasePrice":"3.15", "stockName":"华电国际", "stockOpenPrice":"3.14", "stockPrice":"3.15"}
2014-04-04 17:40:21.003 DEBUG [11504] - JStockCodec: Sent normalised event to semantic mapper: {"stockBasePrice":"5.07", "stockName":"中国石化", "stockOpenPrice":"5.01", "stockPrice":"5.04"}
2014-04-04 17:40:21.128 DEBUG [11504] - JStockCodec: Sent normalised event to semantic mapper: {"stockBasePrice":"2.53", "stockName":"南方航空", "stockOpenPrice":"2.52", "stockPrice":"2.54"}
2014-04-04 17:40:21.254 DEBUG [11504] - JStockCodec: Sent normalised event to semantic mapper: {"stockBasePrice":"10.78", "stockName":"中信证券", "stockOpenPrice":"10.72", "stockPrice":"10.91"}
2014-04-04 17:40:21.381 DEBUG [11504] - JStockCodec: Sent normalised event to semantic mapper: {"stockBasePrice":"5.69", "stockName":"三一重工", "stockOpenPrice":"5.67", "stockPrice":"5.72"}
2014-04-04 17:40:21.519 DEBUG [11504] - JStockCodec: Sent normalised event to semantic mapper: {"stockBasePrice":"2.10", "stockName":"福建高速", "stockOpenPrice":"2.09", "stockPrice":"2.11"}
2014-04-04 17:40:21.655 DEBUG [11504] - JStockCodec: Sent normalised event to semantic mapper: {"stockBasePrice":"3.03", "stockName":"楚天高速", "stockOpenPrice":"3.04", "stockPrice":"3.07"}
2014-04-04 17:40:21.779 DEBUG [11504] - JStockCodec: Sent normalised event to semantic mapper: {"stockBasePrice":"9.88", "stockName":"招商银行", "stockOpenPrice":"9.84", "stockPrice":"9.95"}
2014-04-04 17:40:21.903 DEBUG [11504] - JStockCodec: Sent normalised event to semantic mapper: {"stockBasePrice":"8.24", "stockName":"歌华有线", "stockOpenPrice":"8.21", "stockPrice":"8.29"}
2014-04-04 17:40:22.030 DEBUG [11504] - JStockCodec: Sent normalised event to semantic mapper: {"stockBasePrice":"25.18", "stockName":"哈飞股份", "stockOpenPrice":"25.20", "stockPrice":"25.38"}
2014-04-04 17:40:22.153 DEBUG [11504] - JStockCodec: Sent normalised event to semantic mapper: {"stockBasePrice":"5.63", "stockName":"四川路桥", "stockOpenPrice":"5.63", "stockPrice":"5.65"}
2014-04-04 17:40:22.303 DEBUG [11504] - JStockCodec: Sent normalised event to semantic mapper: {"stockBasePrice":"8.11", "stockName":"保利地产", "stockOpenPrice":"8.14", "stockPrice":"8.16"}
2014-04-04 17:40:22.428 DEBUG [11504] - JStockCodec: Sent normalised event to semantic mapper: {"stockBasePrice":"3.07", "stockName":"中国联通", "stockOpenPrice":"3.06", "stockPrice":"3.07"}
2014-04-04 17:40:22.553 DEBUG [11504] - JStockCodec: Sent normalised event to semantic mapper: {"stockBasePrice":"7.61", "stockName":"宁波联合", "stockOpenPrice":"7.61", "stockPrice":"7.76"}
2014-04-04 17:40:22.676 DEBUG [11504] - JStockCodec: Sent normalised event to semantic mapper: {"stockBasePrice":"3.45", "stockName":"浙江广厦", "stockOpenPrice":"3.43", "stockPrice":"3.46"}
2014-04-04 17:40:22.800 DEBUG [11504] - JStockCodec: Sent normalised event to semantic mapper: {"stockBasePrice":"6.46", "stockName":"中江地产", "stockOpenPrice":"6.40", "stockPrice":"6.65"}
2014-04-04 17:40:22.924 DEBUG [11504] - JStockCodec: Sent normalised event to semantic mapper: {"stockBasePrice":"12.40", "stockName":"黄山旅游", "stockOpenPrice":"12.40", "stockPrice":"12.50"}
2014-04-04 17:40:23.049 DEBUG [11504] - JStockCodec: Sent normalised event to semantic mapper: {"stockBasePrice":"13.40", "stockName":"华润万东", "stockOpenPrice":"0.00", "stockPrice":"13.40"}
2014-04-04 17:40:23.173 DEBUG [11504] - JStockCodec: Sent normalised event to semantic mapper: {"stockBasePrice":"22.59", "stockName":"中国医药", "stockOpenPrice":"22.48", "stockPrice":"22.66"}
2014-04-04 17:40:23.297 DEBUG [11504] - JStockCodec: Sent normalised event to semantic mapper: {"stockBasePrice":"6.27", "stockName":"象屿股份", "stockOpenPrice":"6.26", "stockPrice":"6.26"}
2014-04-04 17:40:23.420 DEBUG [11504] - JStockCodec: Sent normalised event to semantic mapper: {"stockBasePrice":"11.17", "stockName":"五矿发展", "stockOpenPrice":"11.11", "stockPrice":"11.40"}
2014-04-04 17:40:23.544 DEBUG [11504] - JStockCodec: Sent normalised event to semantic mapper: {"stockBasePrice":"8.48", "stockName":"古越龙山", "stockOpenPrice":"8.48", "stockPrice":"8.51"}
2014-04-04 17:40:23.667 DEBUG [11504] - JStockCodec: Sent normalised event to semantic mapper: {"stockBasePrice":"11.56", "stockName":"海信电器", "stockOpenPrice":"11.51", "stockPrice":"11.75"}
2014-04-04 17:40:23.793 DEBUG [11504] - JStockCodec: Sent normalised event to semantic mapper: {"stockBasePrice":"6.63", "stockName":"中纺投资", "stockOpenPrice":"6.59", "stockPrice":"6.71"}
2014-04-04 17:40:23.811 DEBUG [14636] - JStockTransport: Stopping
2014-04-04 17:40:23.918 DEBUG [11504] - JStockCodec: Sent normalised event to semantic mapper: {"stockBasePrice":"19.41", "stockName":"华润双鹤", "stockOpenPrice":"19.31", "stockPrice":"19.47"}
2014-04-04 17:40:24.043 DEBUG [11504] - JStockCodec: Sent normalised event to semantic mapper: {"stockBasePrice":"2.36", "stockName":"皖维高新", "stockOpenPrice":"2.36", "stockPrice":"2.36"}
2014-04-04 17:40:24.164 DEBUG [11504] - JStockCodec: Sent normalised event to semantic mapper: {"stockBasePrice":"10.20", "stockName":"南京高科", "stockOpenPrice":"10.13", "stockPrice":"10.25"}
2014-04-04 17:40:24.302 DEBUG [11504] - JStockCodec: Sent normalised event to semantic mapper: {"stockBasePrice":"15.88", "stockName":"宇通客车", "stockOpenPrice":"15.85", "stockPrice":"15.98"}
2014-04-04 17:40:24.427 DEBUG [11504] - JStockCodec: Sent normalised event to semantic mapper: {"stockBasePrice":"6.17", "stockName":"冠城大通", "stockOpenPrice":"6.16", "stockPrice":"6.15"}
